# JRE version: Java(TM) SE Runtime Environment (8.0_40-b26) (build 1.8.0_40-b26)
# Java VM: Java HotSpot(TM) 64-Bit Server VM (25.40-b25 mixed mode linux-amd64 compressed oops)
Heap:
 PSYoungGen      total 202752K, used 202737K [0x00000000eab00000, 0x00000000fdd80000, 0x0000000100000000)
  eden space 182784K, 100% used [0x00000000eab00000,0x00000000f5d80000,0x00000000f5d80000)
  from space 19968K, 99% used [0x00000000f5d80000,0x00000000f70fc750,0x00000000f7100000)
  to   space 31232K, 7% used [0x00000000fbf00000,0x00000000fc148020,0x00000000fdd80000)
 ParOldGen       total 77312K, used 62822K [0x00000000c0000000, 0x00000000c4b80000, 0x00000000eab00000)
  object space 77312K, 81% used [0x00000000c0000000,0x00000000c3d5da98,0x00000000c4b80000)
 Metaspace       used 56198K, capacity 58358K, committed 58624K, reserved 1099776K
  class space    used 7852K, capacity 8422K, committed 8448K, reserved 1048576K
GC Heap History (10 events):
Event: 3.895 GC heap after
Heap after GC invocations=9 (full 1):
 PSYoungGen      total 144384K, used 6857K [0x00000000eab00000, 0x00000000f9480000, 0x0000000100000000)
  eden space 132096K, 0% used [0x00000000eab00000,0x00000000eab00000,0x00000000f2c00000)
  from space 12288K, 55% used [0x00000000f3780000,0x00000000f3e327b0,0x00000000f4380000)
  to   space 11776K, 0% used [0x00000000f2c00000,0x00000000f2c00000,0x00000000f3780000)
 ParOldGen       total 60416K, used 12061K [0x00000000c0000000, 0x00000000c3b00000, 0x00000000eab00000)
  object space 60416K, 19% used [0x00000000c0000000,0x00000000c0bc77c8,0x00000000c3b00000)
 Metaspace       used 34671K, capacity 35270K, committed 35416K, reserved 1079296K
  class space    used 4832K, capacity 5033K, committed 5120K, reserved 1048576K
}
Event: 3.895 GC heap before
{Heap before GC invocations=10 (full 2):
 PSYoungGen      total 144384K, used 6857K [0x00000000eab00000, 0x00000000f9480000, 0x0000000100000000)
  eden space 132096K, 0% used [0x00000000eab00000,0x00000000eab00000,0x00000000f2c00000)
  from space 12288K, 55% used [0x00000000f3780000,0x00000000f3e327b0,0x00000000f4380000)
  to   space 11776K, 0% used [0x00000000f2c00000,0x00000000f2c00000,0x00000000f3780000)
 ParOldGen       total 60416K, used 12061K [0x00000000c0000000, 0x00000000c3b00000, 0x00000000eab00000)
  object space 60416K, 19% used [0x00000000c0000000,0x00000000c0bc77c8,0x00000000c3b00000)
 Metaspace       used 34671K, capacity 35270K, committed 35416K, reserved 1079296K
  class space    used 4832K, capacity 5033K, committed 5120K, reserved 1048576K
Event: 3.968 GC heap after
Heap after GC invocations=10 (full 2):
 PSYoungGen      total 144384K, used 0K [0x00000000eab00000, 0x00000000f9480000, 0x0000000100000000)
  eden space 132096K, 0% used [0x00000000eab00000,0x00000000eab00000,0x00000000f2c00000)
  from space 12288K, 0% used [0x00000000f3780000,0x00000000f3780000,0x00000000f4380000)
  to   space 11776K, 0% used [0x00000000f2c00000,0x00000000f2c00000,0x00000000f3780000)
 ParOldGen       total 77312K, used 13761K [0x00000000c0000000, 0x00000000c4b80000, 0x00000000eab00000)
  object space 77312K, 17% used [0x00000000c0000000,0x00000000c0d704f0,0x00000000c4b80000)
 Metaspace       used 34671K, capacity 35270K, committed 35416K, reserved 1079296K
  class space    used 4832K, capacity 5033K, committed 5120K, reserved 1048576K
}
Event: 5.224 GC heap before
{Heap before GC invocations=11 (full 2):
 PSYoungGen      total 144384K, used 132096K [0x00000000eab00000, 0x00000000f9480000, 0x0000000100000000)
  eden space 132096K, 100% used [0x00000000eab00000,0x00000000f2c00000,0x00000000f2c00000)
  from space 12288K, 0% used [0x00000000f3780000,0x00000000f3780000,0x00000000f4380000)
  to   space 11776K, 0% used [0x00000000f2c00000,0x00000000f2c00000,0x00000000f3780000)
 ParOldGen       total 77312K, used 13761K [0x00000000c0000000, 0x00000000c4b80000, 0x00000000eab00000)
  object space 77312K, 17% used [0x00000000c0000000,0x00000000c0d704f0,0x00000000c4b80000)
 Metaspace       used 40654K, capacity 41556K, committed 41856K, reserved 1085440K
  class space    used 5687K, capacity 5984K, committed 6016K, reserved 1048576K
Event: 5.243 GC heap after
Heap after GC invocations=11 (full 2):
 PSYoungGen      total 143872K, used 11744K [0x00000000eab00000, 0x00000000f7f00000, 0x0000000100000000)
  eden space 132096K, 0% used [0x00000000eab00000,0x00000000eab00000,0x00000000f2c00000)
  from space 11776K, 99% used [0x00000000f2c00000,0x00000000f37780d0,0x00000000f3780000)
  to   space 14336K, 0% used [0x00000000f7100000,0x00000000f7100000,0x00000000f7f00000)
 ParOldGen       total 77312K, used 16601K [0x00000000c0000000, 0x00000000c4b80000, 0x00000000eab00000)
  object space 77312K, 21% used [0x00000000c0000000,0x00000000c10366c0,0x00000000c4b80000)
 Metaspace       used 40654K, capacity 41556K, committed 41856K, reserved 1085440K
  class space    used 5687K, capacity 5984K, committed 6016K, reserved 1048576K
}
Event: 6.938 GC heap before
{Heap before GC invocations=12 (full 2):
 PSYoungGen      total 143872K, used 143840K [0x00000000eab00000, 0x00000000f7f00000, 0x0000000100000000)
  eden space 132096K, 100% used [0x00000000eab00000,0x00000000f2c00000,0x00000000f2c00000)
  from space 11776K, 99% used [0x00000000f2c00000,0x00000000f37780d0,0x00000000f3780000)
  to   space 14336K, 0% used [0x00000000f7100000,0x00000000f7100000,0x00000000f7f00000)
 ParOldGen       total 77312K, used 16601K [0x00000000c0000000, 0x00000000c4b80000, 0x00000000eab00000)
  object space 77312K, 21% used [0x00000000c0000000,0x00000000c10366c0,0x00000000c4b80000)
 Metaspace       used 51394K, capacity 53136K, committed 53376K, reserved 1095680K
  class space    used 7245K, capacity 7693K, committed 7808K, reserved 1048576K
Event: 6.964 GC heap after
Heap after GC invocations=12 (full 2):
 PSYoungGen      total 197120K, used 14321K [0x00000000eab00000, 0x00000000f8680000, 0x0000000100000000)
  eden space 182784K, 0% used [0x00000000eab00000,0x00000000eab00000,0x00000000f5d80000)
  from space 14336K, 99% used [0x00000000f7100000,0x00000000f7efc730,0x00000000f7f00000)
  to   space 19968K, 0% used [0x00000000f5d80000,0x00000000f5d80000,0x00000000f7100000)
 ParOldGen       total 77312K, used 26464K [0x00000000c0000000, 0x00000000c4b80000, 0x00000000eab00000)
  object space 77312K, 34% used [0x00000000c0000000,0x00000000c19d81f8,0x00000000c4b80000)
 Metaspace       used 51394K, capacity 53136K, committed 53376K, reserved 1095680K
  class space    used 7245K, capacity 7693K, committed 7808K, reserved 1048576K
}
Event: 9.130 GC heap before
{Heap before GC invocations=13 (full 2):
 PSYoungGen      total 197120K, used 197105K [0x00000000eab00000, 0x00000000f8680000, 0x0000000100000000)
  eden space 182784K, 100% used [0x00000000eab00000,0x00000000f5d80000,0x00000000f5d80000)
  from space 14336K, 99% used [0x00000000f7100000,0x00000000f7efc730,0x00000000f7f00000)
  to   space 19968K, 0% used [0x00000000f5d80000,0x00000000f5d80000,0x00000000f7100000)
 ParOldGen       total 77312K, used 26464K [0x00000000c0000000, 0x00000000c4b80000, 0x00000000eab00000)
  object space 77312K, 34% used [0x00000000c0000000,0x00000000c19d81f8,0x00000000c4b80000)
 Metaspace       used 56189K, capacity 58358K, committed 58624K, reserved 1099776K
  class space    used 7851K, capacity 8422K, committed 8448K, reserved 1048576K
Event: 9.181 GC heap after
Heap after GC invocations=13 (full 2):
 PSYoungGen      total 202752K, used 19953K [0x00000000eab00000, 0x00000000fdd80000, 0x0000000100000000)
  eden space 182784K, 0% used [0x00000000eab00000,0x00000000eab00000,0x00000000f5d80000)
  from space 19968K, 99% used [0x00000000f5d80000,0x00000000f70fc750,0x00000000f7100000)
  to   space 31232K, 0% used [0x00000000fbf00000,0x00000000fbf00000,0x00000000fdd80000)
 ParOldGen       total 77312K, used 49793K [0x00000000c0000000, 0x00000000c4b80000, 0x00000000eab00000)
  object space 77312K, 64% used [0x00000000c0000000,0x00000000c30a0630,0x00000000c4b80000)
 Metaspace       used 56189K, capacity 58358K, committed 58624K, reserved 1099776K
  class space    used 7851K, capacity 8422K, committed 8448K, reserved 1048576K
}
Event: 10.044 GC heap before
{Heap before GC invocations=14 (full 2):
 PSYoungGen      total 202752K, used 202737K [0x00000000eab00000, 0x00000000fdd80000, 0x0000000100000000)
  eden space 182784K, 100% used [0x00000000eab00000,0x00000000f5d80000,0x00000000f5d80000)
  from space 19968K, 99% used [0x00000000f5d80000,0x00000000f70fc750,0x00000000f7100000)
  to   space 31232K, 0% used [0x00000000fbf00000,0x00000000fbf00000,0x00000000fdd80000)
 ParOldGen       total 77312K, used 49793K [0x00000000c0000000, 0x00000000c4b80000, 0x00000000eab00000)
  object space 77312K, 64% used [0x00000000c0000000,0x00000000c30a0630,0x00000000c4b80000)
 Metaspace       used 56198K, capacity 58358K, committed 58624K, reserved 1099776K
  class space    used 7852K, capacity 8422K, committed 8448K, reserved 1048576K

